<?xml version="1.0" encoding="UTF-8"?>
<testng-results ignored="0" total="4" passed="4" failed="0" skipped="0">
  <reporter-output>
  </reporter-output>
  <suite started-at="2020-12-07T10:21:05 EST" name="Default suite" finished-at="2020-12-07T10:21:59 EST" duration-ms="53846">
    <groups>
      <group name="cucumber">
        <method signature="AbstractTestNGCucumberTests.runScenario(io.cucumber.testng.PickleEventWrapper, io.cucumber.testng.CucumberFeatureWrapper)[pri:0, instance:runnerPack.RunnerTest@50b5ac82]" name="runScenario" class="io.cucumber.testng.AbstractTestNGCucumberTests"/>
      </group> <!-- cucumber -->
    </groups>
    <test started-at="2020-12-07T10:21:05 EST" name="Default test" finished-at="2020-12-07T10:21:59 EST" duration-ms="53846">
      <class name="runnerPack.RunnerTest">
        <test-method is-config="true" signature="setUpClass()[pri:0, instance:runnerPack.RunnerTest@50b5ac82]" started-at="2020-12-07T10:21:05 EST" name="setUpClass" finished-at="2020-12-07T10:21:05 EST" duration-ms="232" status="PASS">
          <reporter-output>
          </reporter-output>
        </test-method> <!-- setUpClass -->
        <test-method signature="runScenario(io.cucumber.testng.PickleEventWrapper, io.cucumber.testng.CucumberFeatureWrapper)[pri:0, instance:runnerPack.RunnerTest@50b5ac82]" started-at="2020-12-07T10:21:05 EST" name="runScenario" description="Runs Cucumber Scenarios" data-provider="scenarios" finished-at="2020-12-07T10:21:21 EST" duration-ms="15771" status="PASS">
          <params>
            <param index="0">
              <value>
                <![CDATA["No Height and No weight"]]>
              </value>
            </param>
            <param index="1">
              <value>
                <![CDATA["BMI Calculator functionalities"]]>
              </value>
            </param>
          </params>
          <reporter-output>
          </reporter-output>
        </test-method> <!-- runScenario -->
        <test-method signature="runScenario(io.cucumber.testng.PickleEventWrapper, io.cucumber.testng.CucumberFeatureWrapper)[pri:0, instance:runnerPack.RunnerTest@50b5ac82]" started-at="2020-12-07T10:21:21 EST" name="runScenario" description="Runs Cucumber Scenarios" data-provider="scenarios" finished-at="2020-12-07T10:21:34 EST" duration-ms="12799" status="PASS">
          <params>
            <param index="0">
              <value>
                <![CDATA["Enter Height but No weight"]]>
              </value>
            </param>
            <param index="1">
              <value>
                <![CDATA["BMI Calculator functionalities"]]>
              </value>
            </param>
          </params>
          <reporter-output>
          </reporter-output>
        </test-method> <!-- runScenario -->
        <test-method signature="runScenario(io.cucumber.testng.PickleEventWrapper, io.cucumber.testng.CucumberFeatureWrapper)[pri:0, instance:runnerPack.RunnerTest@50b5ac82]" started-at="2020-12-07T10:21:34 EST" name="runScenario" description="Runs Cucumber Scenarios" data-provider="scenarios" finished-at="2020-12-07T10:21:47 EST" duration-ms="12627" status="PASS">
          <params>
            <param index="0">
              <value>
                <![CDATA["Valid Payee and not amount"]]>
              </value>
            </param>
            <param index="1">
              <value>
                <![CDATA["Fund Transfers functionalities"]]>
              </value>
            </param>
          </params>
          <reporter-output>
          </reporter-output>
        </test-method> <!-- runScenario -->
        <test-method signature="runScenario(io.cucumber.testng.PickleEventWrapper, io.cucumber.testng.CucumberFeatureWrapper)[pri:0, instance:runnerPack.RunnerTest@50b5ac82]" started-at="2020-12-07T10:21:47 EST" name="runScenario" description="Runs Cucumber Scenarios" data-provider="scenarios" finished-at="2020-12-07T10:21:59 EST" duration-ms="12097" status="PASS">
          <params>
            <param index="0">
              <value>
                <![CDATA["Valid Payee and invalid amount"]]>
              </value>
            </param>
            <param index="1">
              <value>
                <![CDATA["Fund Transfers functionalities"]]>
              </value>
            </param>
          </params>
          <reporter-output>
          </reporter-output>
        </test-method> <!-- runScenario -->
        <test-method is-config="true" signature="tearDownClass()[pri:0, instance:runnerPack.RunnerTest@50b5ac82]" started-at="2020-12-07T10:21:59 EST" name="tearDownClass" finished-at="2020-12-07T10:21:59 EST" duration-ms="219" status="PASS">
          <reporter-output>
          </reporter-output>
        </test-method> <!-- tearDownClass -->
      </class> <!-- runnerPack.RunnerTest -->
    </test> <!-- Default test -->
  </suite> <!-- Default suite -->
</testng-results>
